0 info it worked if it ends with ok
1 verbose cli [ 'c:\\Program Files\\nodejs\\node.exe',
1 verbose cli   'c:\\Program Files\\nodejs\\node_modules\\npm\\bin\\npm-cli.js',
1 verbose cli   'start' ]
2 info using npm@3.10.10
3 info using node@v6.9.3
4 verbose run-script [ 'prestart', 'start', 'poststart' ]
5 info lifecycle NodejsStarterApp@0.0.1~prestart: NodejsStarterApp@0.0.1
6 silly lifecycle NodejsStarterApp@0.0.1~prestart: no script for prestart, continuing
7 info lifecycle NodejsStarterApp@0.0.1~start: NodejsStarterApp@0.0.1
8 verbose lifecycle NodejsStarterApp@0.0.1~start: unsafe-perm in lifecycle true
9 verbose lifecycle NodejsStarterApp@0.0.1~start: PATH: c:\Program Files\nodejs\node_modules\npm\bin\node-gyp-bin;C:\Users\IBM_ADMIN\Desktop\BluemixProjects\urbania-web-api\node_modules\.bin;C:\Program Files (x86)\MKS Toolkit\mksnt;C:\PROGRA~2\MKSTOO~1\bin64;C:\PROGRA~2\MKSTOO~1\bin;C:\PROGRA~2\MKSTOO~1\bin\X11;C:\PROGRA~2\MKSTOO~1\mksnt;C:\IBM\InformationServer9_1_v2\ASBNode\apps\jre\bin\classic;C:\IBM\InformationServer9_1_v2\ASBNode\lib\cpp;C:\IBM\InformationServer9_1_v2\ASBNode\apps\proxy\cpp\vc60\MT_dll\bin;C:\ProgramData\Oracle\Java\javapath;C:\windows\system32;C:\windows;C:\windows\System32\Wbem;C:\windows\System32\WindowsPowerShell\v1.0\;C:\Program Files\IBM\Infoprint Select;C:\Program Files\ThinkPad\Bluetooth Software\;C:\Program Files\ThinkPad\Bluetooth Software\syswow64;C:\Program Files (x86)\IBM\Personal Communications\;C:\Program Files (x86)\IBM\Trace Facility\;C:\Program Files\Cloud Foundry;c:\Program Files\nodejs\;C:\Program Files (x86)\PuTTY\;C:\Python27;C:\Users\IBM_ADMIN\AppData\Local\GitHub\PortableGit_d7effa1a4a322478cd29c826b52a0c118ad3db11\cmd\;C:\Program Files\MySQL\MySQL Utilities 1.6\;C:\Program Files (x86)\Microsoft SQL Server\100\Tools\Binn\;C:\Program Files\Microsoft SQL Server\100\Tools\Binn\;C:\Program Files\Microsoft SQL Server\100\DTS\Binn\;C:\Program Files\Microsoft DNX\Dnvm\;C:\Program Files\Microsoft SQL Server\120\Tools\Binn\;C:\Program Files\Microsoft SQL Server\130\Tools\Binn\;C:\Program Files\Git\cmd;C:\Program Files (x86)\Skype\Phone";C:\Program Files (x86)\Skype\Phone\;C:\xampp2\php\;C:\xampp2\composer;c:\Users\IBM_ADMIN\AppData\Roaming\npm;C:\Program Files\Java\jdk1.8.0_111/bin;C:\Program Files\Java\apache-maven-3.3.9/bin;C:\Program Files\Docker Toolbox;C:\Users\IBM_ADMIN\AppData\Local\Google\Cloud SDK\google-cloud-sdk\bin;c:\xampp2\php\;C:\Users\IBM_ADMIN\AppData\Roaming\Composer\vendor\bin
10 verbose lifecycle NodejsStarterApp@0.0.1~start: CWD: C:\Users\IBM_ADMIN\Desktop\BluemixProjects\urbania-web-api
11 silly lifecycle NodejsStarterApp@0.0.1~start: Args: [ '/d /s /c', 'node app.js' ]
12 silly lifecycle NodejsStarterApp@0.0.1~start: Returned: code: 1  signal: null
13 info lifecycle NodejsStarterApp@0.0.1~start: Failed to exec start script
14 verbose stack Error: NodejsStarterApp@0.0.1 start: `node app.js`
14 verbose stack Exit status 1
14 verbose stack     at EventEmitter.<anonymous> (c:\Program Files\nodejs\node_modules\npm\lib\utils\lifecycle.js:255:16)
14 verbose stack     at emitTwo (events.js:106:13)
14 verbose stack     at EventEmitter.emit (events.js:191:7)
14 verbose stack     at ChildProcess.<anonymous> (c:\Program Files\nodejs\node_modules\npm\lib\utils\spawn.js:40:14)
14 verbose stack     at emitTwo (events.js:106:13)
14 verbose stack     at ChildProcess.emit (events.js:191:7)
14 verbose stack     at maybeClose (internal/child_process.js:877:16)
14 verbose stack     at Process.ChildProcess._handle.onexit (internal/child_process.js:226:5)
15 verbose pkgid NodejsStarterApp@0.0.1
16 verbose cwd C:\Users\IBM_ADMIN\Desktop\BluemixProjects\urbania-web-api
17 error Windows_NT 6.1.7601
18 error argv "c:\\Program Files\\nodejs\\node.exe" "c:\\Program Files\\nodejs\\node_modules\\npm\\bin\\npm-cli.js" "start"
19 error node v6.9.3
20 error npm  v3.10.10
21 error code ELIFECYCLE
22 error NodejsStarterApp@0.0.1 start: `node app.js`
22 error Exit status 1
23 error Failed at the NodejsStarterApp@0.0.1 start script 'node app.js'.
23 error Make sure you have the latest version of node.js and npm installed.
23 error If you do, this is most likely a problem with the NodejsStarterApp package,
23 error not with npm itself.
23 error Tell the author that this fails on your system:
23 error     node app.js
23 error You can get information on how to open an issue for this project with:
23 error     npm bugs NodejsStarterApp
23 error Or if that isn't available, you can get their info via:
23 error     npm owner ls NodejsStarterApp
23 error There is likely additional logging output above.
24 verbose exit [ 1, true ]
